Usage: hexo <command>

Commands:
  clean     Removed generated files and cache.
  config    Get or set configurations.
  deploy    Deploy your website.
  generate  Generate static files.
  help      Get help on a command.
  init      Create a new Hexo folder.
  list      List the information of the site
  migrate   Migrate your site from other system to Hexo.
  new       Create a new post.
  publish   Moves a draft post from _drafts to _posts folder.
  render    Render files with renderer plugins.
  version   Display version information.

Global Options:
  --config  Specify config file instead of using _config.yml
  --cwd     Specify the CWD
  --debug   Display all verbose messages in the terminal
  --draft   Display draft posts
  --safe    Disable all plugins and scripts
  --silent  Hide output on console

For more help, you can use 'hexo help [command]' for the detailed information
or you can check the docs: http://hexo.io/docs/
INFO  Start processing
INFO  Files loaded in 837 ms
INFO  Generated: CNAME
INFO  Generated: about/index.md
INFO  Generated: images/post-banner/allseating.png
INFO  Generated: images/post-banner/clearmine.png
INFO  Generated: vendor/photo-swipe/default-skin/default-skin.svg
INFO  Generated: vendor/photo-swipe/default-skin/preloader.gif
INFO  Generated: images/post-banner/about.jpg
INFO  Generated: vendor/font-awesome/fonts/fontawesome-webfont.woff2
INFO  Generated: vendor/open-sans/fonts/59ZRklaO5bWGqF5A9baEERJtnKITppOI_IvcXXDNrsc.woff2
INFO  Generated: vendor/font-awesome/fonts/fontawesome-webfont.eot
INFO  Generated: vendor/open-sans/fonts/K88pR3goAWT7BTt32Z01mxJtnKITppOI_IvcXXDNrsc.woff2
INFO  Generated: vendor/open-sans/fonts/MTP_ySUJH_bn48VBG8sNSj0LW-43aMEzIO6XUTLjad8.woff2
INFO  Generated: vendor/open-sans/fonts/MTP_ySUJH_bn48VBG8sNSpX5f-9o1vgP2EXwfjgl7AY.woff2
INFO  Generated: vendor/open-sans/fonts/LWCjsQkB6EMdfHrEVqA1KRJtnKITppOI_IvcXXDNrsc.woff2
INFO  Generated: vendor/open-sans/fonts/MTP_ySUJH_bn48VBG8sNSq-j2U0lmluP9RWlSytm3ho.woff2
INFO  Generated: vendor/open-sans/fonts/MTP_ySUJH_bn48VBG8sNSqaRobkAwv3vxw3jMhVENGA.woff2
INFO  Generated: vendor/open-sans/fonts/MTP_ySUJH_bn48VBG8sNSv8zf_FOSsgRmwsS7Aa9k2w.woff2
INFO  Generated: vendor/open-sans/fonts/MTP_ySUJH_bn48VBG8sNSugdm0LZdjqr5-oayXSOefg.woff2
INFO  Generated: vendor/open-sans/fonts/u-WUoqrET9fUeobQW7jkRRJtnKITppOI_IvcXXDNrsc.woff2
INFO  Generated: vendor/open-sans/fonts/RjgO7rYTmqiVp7vzi-Q5URJtnKITppOI_IvcXXDNrsc.woff2
INFO  Generated: vendor/open-sans/fonts/xjAJXh38I15wypJXxuGMBiYE0-AqJ3nfInTTiDXDjU4.woff2
INFO  Generated: vendor/open-sans/fonts/cJZKeOuBrn4kERxqtaUH3VtXRa8TVwTICgirnJhmVJw.woff2
INFO  Generated: vendor/open-sans/fonts/xjAJXh38I15wypJXxuGMBkbcKLIaa1LC45dFaAfauRA.woff2
INFO  Generated: vendor/open-sans/fonts/xjAJXh38I15wypJXxuGMBjTOQ_MqJVwkKsUn0wKzc2I.woff2
INFO  Generated: vendor/open-sans/fonts/xjAJXh38I15wypJXxuGMBmo_sUJ8uO4YLWRInS22T3Y.woff2
INFO  Generated: vendor/open-sans/fonts/xjAJXh38I15wypJXxuGMBjUj_cnvWIuuBMVgbX098Mw.woff2
INFO  Generated: vendor/open-sans/fonts/xjAJXh38I15wypJXxuGMBr6up8jxqWt8HVA3mDhkV_0.woff2
INFO  Generated: vendor/open-sans/fonts/xjAJXh38I15wypJXxuGMBo4P5ICox8Kq3LLUNMylGO4.woff2
INFO  Generated: vendor/open-sans/fonts/MTP_ySUJH_bn48VBG8sNShWV49_lSm1NYrwo-zkhivY.woff2
INFO  Generated: vendor/open-sans/fonts/xozscpT2726on7jbcb_pAhJtnKITppOI_IvcXXDNrsc.woff2
INFO  Generated: vendor/source-code-pro/fonts/mrl8jkM18OlOQN8JLgasDy2Q8seG17bfDXYR_jUsrzg.woff2
INFO  Generated: vendor/source-code-pro/fonts/mrl8jkM18OlOQN8JLgasD9V_2ngZ8dMf8fLgjYEouxg.woff2
INFO  Generated: css/style.styl
INFO  Generated: fonts/QuaverSansSerif_Personal_License/QuaverSans.otf
INFO  Generated: fonts/QuaverSansSerif_Personal_License/QuaverSerif.otf
INFO  Generated: images/thumb-default-small.png
INFO  Generated: vendor/photo-swipe/default-skin/default-skin.png
INFO  Generated: images/post-banner/hello-world.jpg
INFO  Generated: vendor/font-awesome/fonts/FontAwesome.otf
INFO  Generated: images/profile.jpg
INFO  Generated: vendor/font-awesome/fonts/fontawesome-webfont.woff
INFO  Generated: vendor/font-awesome/fonts/fontawesome-webfont.ttf
INFO  Generated: js/main.js
INFO  Generated: vendor/open-sans/styles.css
INFO  Generated: vendor/source-code-pro/styles.css
INFO  Generated: vendor/photo-swipe/photoswipe-ui-default.min.js
INFO  Generated: vendor/photo-swipe/photoswipe.css
INFO  Generated: vendor/photo-swipe/default-skin/default-skin.css
INFO  Generated: vendor/photo-swipe/photoswipe-ui-default.js
INFO  Generated: vendor/photo-swipe/photoswipe.min.js
INFO  Generated: vendor/font-awesome/css/font-awesome.min.css
INFO  Generated: vendor/photo-swipe/photoswipe.js
INFO  Generated: images/profile.png
INFO  Generated: fonts/QuaverSansSerif_Personal_License/QuaverSansSerif_Personal_License.pdf
INFO  Generated: vendor/font-awesome/fonts/fontawesome-webfont.svg
INFO  Generated: images/post-banner/culture-of-originality.png
INFO  Generated: images/post-banner/products-pipelines-platforms.png
INFO  Generated: images/post-banner/shared-robot-learning.png
INFO  Generated: images/earth-space.jpg
INFO  59 files generated in 170 ms
INFO  Hexo is watching for file changes. Press Ctrl+C to exit.
INFO  Start processing
INFO  Start processing
INFO  Files loaded in 745 ms
INFO  Hexo is running at http://0.0.0.0:4000/. Press Ctrl+C to stop.
INFO  0 files generated in 1.36 s
INFO  Hexo is watching for file changes. Press Ctrl+C to exit.
ERROR Asset render failed: css/style.css
ParseError: /home/daniel/Documents/st3xupery.github.io/themes/daedalus/source/css/style.styl:132:3
   128|         width: (content-page-ratio + aside-page-ratio) * 100%
   129|         max-width: 750px
   130| 
   131|     aside#profile .profile-block
   132| 		font-family: 'QuaverSans'
----------^
   133|         width: 100%
   134| 
   135|     #page-header

expected "indent", got "outdent"

    at Parser.error (/home/daniel/Documents/st3xupery.github.io/node_modules/stylus/lib/parser.js:257:11)
    at Parser.expect (/home/daniel/Documents/st3xupery.github.io/node_modules/stylus/lib/parser.js:285:12)
    at Parser.block (/home/daniel/Documents/st3xupery.github.io/node_modules/stylus/lib/parser.js:823:12)
    at Parser.selector (/home/daniel/Documents/st3xupery.github.io/node_modules/stylus/lib/parser.js:1524:24)
    at Parser.property (/home/daniel/Documents/st3xupery.github.io/node_modules/stylus/lib/parser.js:1469:51)
    at Parser.ident (/home/daniel/Documents/st3xupery.github.io/node_modules/stylus/lib/parser.js:1424:25)
    at Parser.stmt (/home/daniel/Documents/st3xupery.github.io/node_modules/stylus/lib/parser.js:762:26)
    at Parser.statement (/home/daniel/Documents/st3xupery.github.io/node_modules/stylus/lib/parser.js:669:21)
    at Parser.block (/home/daniel/Documents/st3xupery.github.io/node_modules/stylus/lib/parser.js:840:21)
    at Parser.media (/home/daniel/Documents/st3xupery.github.io/node_modules/stylus/lib/parser.js:1122:24)
    at Parser.stmt (/home/daniel/Documents/st3xupery.github.io/node_modules/stylus/lib/parser.js:762:26)
    at Parser.statement (/home/daniel/Documents/st3xupery.github.io/node_modules/stylus/lib/parser.js:669:21)
    at Parser.parse (/home/daniel/Documents/st3xupery.github.io/node_modules/stylus/lib/parser.js:234:25)
    at Renderer.render (/home/daniel/Documents/st3xupery.github.io/node_modules/stylus/lib/renderer.js:80:22)
    at Hexo.module.exports (/home/daniel/Documents/st3xupery.github.io/node_modules/hexo-renderer-stylus/lib/renderer.js:45:6)
    at Hexo.tryCatcher (/home/daniel/Documents/st3xupery.github.io/node_modules/bluebird/js/release/util.js:16:23)
    at Hexo.ret (eval at <anonymous> (/home/daniel/.nvm/versions/node/v6.2.1/lib/node_modules/hexo-cli/node_modules/bluebird/js/release/promisify.js:1:0), <anonymous>:13:39)
    at /home/daniel/Documents/st3xupery.github.io/node_modules/hexo/lib/hexo/render.js:61:21
    at tryCatcher (/home/daniel/Documents/st3xupery.github.io/node_modules/bluebird/js/release/util.js:16:23)
    at Promise._settlePromiseFromHandler (/home/daniel/Documents/st3xupery.github.io/node_modules/bluebird/js/release/promise.js:510:31)
    at Promise._settlePromise (/home/daniel/Documents/st3xupery.github.io/node_modules/bluebird/js/release/promise.js:567:18)
    at Promise._settlePromise0 (/home/daniel/Documents/st3xupery.github.io/node_modules/bluebird/js/release/promise.js:612:10)
    at Promise._settlePromises (/home/daniel/Documents/st3xupery.github.io/node_modules/bluebird/js/release/promise.js:691:18)
    at Async._drainQueue (/home/daniel/Documents/st3xupery.github.io/node_modules/bluebird/js/release/async.js:138:16)
    at Async._drainQueues (/home/daniel/Documents/st3xupery.github.io/node_modules/bluebird/js/release/async.js:148:10)
    at Immediate.Async.drainQueues [as _onImmediate] (/home/daniel/Documents/st3xupery.github.io/node_modules/bluebird/js/release/async.js:17:14)
    at tryOnImmediate (timers.js:543:15)
    at processImmediate [as _immediateCallback] (timers.js:523:5)
ERROR Asset render failed: css/style.css
ParseError: /home/daniel/Documents/st3xupery.github.io/themes/daedalus/source/css/style.styl:129:3
   125|         width: (content-page-ratio + aside-page-ratio) * 100%
   126|         max-width: 750px
   127| 
   128|     aside#profile .profile-block
   129| 		font-family: 'QuaverSans'
----------^
   130|         width: 100%
   131| 
   132|     #page-header

expected "indent", got "outdent"

    at Parser.error (/home/daniel/Documents/st3xupery.github.io/node_modules/stylus/lib/parser.js:257:11)
    at Parser.expect (/home/daniel/Documents/st3xupery.github.io/node_modules/stylus/lib/parser.js:285:12)
    at Parser.block (/home/daniel/Documents/st3xupery.github.io/node_modules/stylus/lib/parser.js:823:12)
    at Parser.selector (/home/daniel/Documents/st3xupery.github.io/node_modules/stylus/lib/parser.js:1524:24)
    at Parser.property (/home/daniel/Documents/st3xupery.github.io/node_modules/stylus/lib/parser.js:1469:51)
    at Parser.ident (/home/daniel/Documents/st3xupery.github.io/node_modules/stylus/lib/parser.js:1424:25)
    at Parser.stmt (/home/daniel/Documents/st3xupery.github.io/node_modules/stylus/lib/parser.js:762:26)
    at Parser.statement (/home/daniel/Documents/st3xupery.github.io/node_modules/stylus/lib/parser.js:669:21)
    at Parser.block (/home/daniel/Documents/st3xupery.github.io/node_modules/stylus/lib/parser.js:840:21)
    at Parser.media (/home/daniel/Documents/st3xupery.github.io/node_modules/stylus/lib/parser.js:1122:24)
    at Parser.stmt (/home/daniel/Documents/st3xupery.github.io/node_modules/stylus/lib/parser.js:762:26)
    at Parser.statement (/home/daniel/Documents/st3xupery.github.io/node_modules/stylus/lib/parser.js:669:21)
    at Parser.parse (/home/daniel/Documents/st3xupery.github.io/node_modules/stylus/lib/parser.js:234:25)
    at Renderer.render (/home/daniel/Documents/st3xupery.github.io/node_modules/stylus/lib/renderer.js:80:22)
    at Hexo.module.exports (/home/daniel/Documents/st3xupery.github.io/node_modules/hexo-renderer-stylus/lib/renderer.js:45:6)
    at Hexo.tryCatcher (/home/daniel/Documents/st3xupery.github.io/node_modules/bluebird/js/release/util.js:16:23)
    at Hexo.ret (eval at <anonymous> (/home/daniel/.nvm/versions/node/v6.2.1/lib/node_modules/hexo-cli/node_modules/bluebird/js/release/promisify.js:1:0), <anonymous>:13:39)
    at /home/daniel/Documents/st3xupery.github.io/node_modules/hexo/lib/hexo/render.js:61:21
    at tryCatcher (/home/daniel/Documents/st3xupery.github.io/node_modules/bluebird/js/release/util.js:16:23)
    at Promise._settlePromiseFromHandler (/home/daniel/Documents/st3xupery.github.io/node_modules/bluebird/js/release/promise.js:510:31)
    at Promise._settlePromise (/home/daniel/Documents/st3xupery.github.io/node_modules/bluebird/js/release/promise.js:567:18)
    at Promise._settlePromise0 (/home/daniel/Documents/st3xupery.github.io/node_modules/bluebird/js/release/promise.js:612:10)
    at Promise._settlePromises (/home/daniel/Documents/st3xupery.github.io/node_modules/bluebird/js/release/promise.js:691:18)
    at Async._drainQueue (/home/daniel/Documents/st3xupery.github.io/node_modules/bluebird/js/release/async.js:138:16)
    at Async._drainQueues (/home/daniel/Documents/st3xupery.github.io/node_modules/bluebird/js/release/async.js:148:10)
    at Immediate.Async.drainQueues [as _onImmediate] (/home/daniel/Documents/st3xupery.github.io/node_modules/bluebird/js/release/async.js:17:14)
    at tryOnImmediate (timers.js:543:15)
    at processImmediate [as _immediateCallback] (timers.js:523:5)
ERROR Asset render failed: css/style.css
ParseError: /home/daniel/Documents/st3xupery.github.io/themes/daedalus/source/css/style.styl:132:3
   128|         width: (content-page-ratio + aside-page-ratio) * 100%
   129|         max-width: 750px
   130| 
   131|     aside#profile .profile-block
   132| 		:
----------^
   133|         width: 100%
   134| 
   135|     #page-header

expected "indent", got "outdent"

    at Parser.error (/home/daniel/Documents/st3xupery.github.io/node_modules/stylus/lib/parser.js:257:11)
    at Parser.expect (/home/daniel/Documents/st3xupery.github.io/node_modules/stylus/lib/parser.js:285:12)
    at Parser.block (/home/daniel/Documents/st3xupery.github.io/node_modules/stylus/lib/parser.js:823:12)
    at Parser.selector (/home/daniel/Documents/st3xupery.github.io/node_modules/stylus/lib/parser.js:1524:24)
    at Parser.property (/home/daniel/Documents/st3xupery.github.io/node_modules/stylus/lib/parser.js:1469:51)
    at Parser.ident (/home/daniel/Documents/st3xupery.github.io/node_modules/stylus/lib/parser.js:1424:25)
    at Parser.stmt (/home/daniel/Documents/st3xupery.github.io/node_modules/stylus/lib/parser.js:762:26)
    at Parser.statement (/home/daniel/Documents/st3xupery.github.io/node_modules/stylus/lib/parser.js:669:21)
    at Parser.block (/home/daniel/Documents/st3xupery.github.io/node_modules/stylus/lib/parser.js:840:21)
    at Parser.media (/home/daniel/Documents/st3xupery.github.io/node_modules/stylus/lib/parser.js:1122:24)
    at Parser.stmt (/home/daniel/Documents/st3xupery.github.io/node_modules/stylus/lib/parser.js:762:26)
    at Parser.statement (/home/daniel/Documents/st3xupery.github.io/node_modules/stylus/lib/parser.js:669:21)
    at Parser.parse (/home/daniel/Documents/st3xupery.github.io/node_modules/stylus/lib/parser.js:234:25)
    at Renderer.render (/home/daniel/Documents/st3xupery.github.io/node_modules/stylus/lib/renderer.js:80:22)
    at Hexo.module.exports (/home/daniel/Documents/st3xupery.github.io/node_modules/hexo-renderer-stylus/lib/renderer.js:45:6)
    at Hexo.tryCatcher (/home/daniel/Documents/st3xupery.github.io/node_modules/bluebird/js/release/util.js:16:23)
    at Hexo.ret (eval at <anonymous> (/home/daniel/.nvm/versions/node/v6.2.1/lib/node_modules/hexo-cli/node_modules/bluebird/js/release/promisify.js:1:0), <anonymous>:13:39)
    at /home/daniel/Documents/st3xupery.github.io/node_modules/hexo/lib/hexo/render.js:61:21
    at tryCatcher (/home/daniel/Documents/st3xupery.github.io/node_modules/bluebird/js/release/util.js:16:23)
    at Promise._settlePromiseFromHandler (/home/daniel/Documents/st3xupery.github.io/node_modules/bluebird/js/release/promise.js:510:31)
    at Promise._settlePromise (/home/daniel/Documents/st3xupery.github.io/node_modules/bluebird/js/release/promise.js:567:18)
    at Promise._settlePromise0 (/home/daniel/Documents/st3xupery.github.io/node_modules/bluebird/js/release/promise.js:612:10)
    at Promise._settlePromises (/home/daniel/Documents/st3xupery.github.io/node_modules/bluebird/js/release/promise.js:691:18)
    at Async._drainQueue (/home/daniel/Documents/st3xupery.github.io/node_modules/bluebird/js/release/async.js:138:16)
    at Async._drainQueues (/home/daniel/Documents/st3xupery.github.io/node_modules/bluebird/js/release/async.js:148:10)
    at Immediate.Async.drainQueues [as _onImmediate] (/home/daniel/Documents/st3xupery.github.io/node_modules/bluebird/js/release/async.js:17:14)
    at tryOnImmediate (timers.js:543:15)
    at processImmediate [as _immediateCallback] (timers.js:523:5)
ERROR Asset render failed: css/style.css
ParseError: /home/daniel/Documents/st3xupery.github.io/themes/daedalus/source/css/style.styl:132:3
   128|         width: (content-page-ratio + aside-page-ratio) * 100%
   129|         max-width: 750px
   130| 
   131|     aside#profile .profile-block
   132| 		:
----------^
   133|         width: 100%
   134| 
   135|     #page-header

expected "indent", got "outdent"

    at Parser.error (/home/daniel/Documents/st3xupery.github.io/node_modules/stylus/lib/parser.js:257:11)
    at Parser.expect (/home/daniel/Documents/st3xupery.github.io/node_modules/stylus/lib/parser.js:285:12)
    at Parser.block (/home/daniel/Documents/st3xupery.github.io/node_modules/stylus/lib/parser.js:823:12)
    at Parser.selector (/home/daniel/Documents/st3xupery.github.io/node_modules/stylus/lib/parser.js:1524:24)
    at Parser.property (/home/daniel/Documents/st3xupery.github.io/node_modules/stylus/lib/parser.js:1469:51)
    at Parser.ident (/home/daniel/Documents/st3xupery.github.io/node_modules/stylus/lib/parser.js:1424:25)
    at Parser.stmt (/home/daniel/Documents/st3xupery.github.io/node_modules/stylus/lib/parser.js:762:26)
    at Parser.statement (/home/daniel/Documents/st3xupery.github.io/node_modules/stylus/lib/parser.js:669:21)
    at Parser.block (/home/daniel/Documents/st3xupery.github.io/node_modules/stylus/lib/parser.js:840:21)
    at Parser.media (/home/daniel/Documents/st3xupery.github.io/node_modules/stylus/lib/parser.js:1122:24)
    at Parser.stmt (/home/daniel/Documents/st3xupery.github.io/node_modules/stylus/lib/parser.js:762:26)
    at Parser.statement (/home/daniel/Documents/st3xupery.github.io/node_modules/stylus/lib/parser.js:669:21)
    at Parser.parse (/home/daniel/Documents/st3xupery.github.io/node_modules/stylus/lib/parser.js:234:25)
    at Renderer.render (/home/daniel/Documents/st3xupery.github.io/node_modules/stylus/lib/renderer.js:80:22)
    at Hexo.module.exports (/home/daniel/Documents/st3xupery.github.io/node_modules/hexo-renderer-stylus/lib/renderer.js:45:6)
    at Hexo.tryCatcher (/home/daniel/Documents/st3xupery.github.io/node_modules/bluebird/js/release/util.js:16:23)
    at Hexo.ret (eval at <anonymous> (/home/daniel/.nvm/versions/node/v6.2.1/lib/node_modules/hexo-cli/node_modules/bluebird/js/release/promisify.js:1:0), <anonymous>:13:39)
    at /home/daniel/Documents/st3xupery.github.io/node_modules/hexo/lib/hexo/render.js:61:21
    at tryCatcher (/home/daniel/Documents/st3xupery.github.io/node_modules/bluebird/js/release/util.js:16:23)
    at Promise._settlePromiseFromHandler (/home/daniel/Documents/st3xupery.github.io/node_modules/bluebird/js/release/promise.js:510:31)
    at Promise._settlePromise (/home/daniel/Documents/st3xupery.github.io/node_modules/bluebird/js/release/promise.js:567:18)
    at Promise._settlePromise0 (/home/daniel/Documents/st3xupery.github.io/node_modules/bluebird/js/release/promise.js:612:10)
    at Promise._settlePromises (/home/daniel/Documents/st3xupery.github.io/node_modules/bluebird/js/release/promise.js:691:18)
    at Async._drainQueue (/home/daniel/Documents/st3xupery.github.io/node_modules/bluebird/js/release/async.js:138:16)
    at Async._drainQueues (/home/daniel/Documents/st3xupery.github.io/node_modules/bluebird/js/release/async.js:148:10)
    at Immediate.Async.drainQueues [as _onImmediate] (/home/daniel/Documents/st3xupery.github.io/node_modules/bluebird/js/release/async.js:17:14)
    at tryOnImmediate (timers.js:543:15)
    at processImmediate [as _immediateCallback] (timers.js:523:5)
ERROR Asset render failed: css/style.css
ParseError: /home/daniel/Documents/st3xupery.github.io/themes/daedalus/source/css/_partial/profile.styl:38:23
   34|         box-sizing: border-box;
   35|         clear: both;
   36|     &.name
   37|         font-size: 2.6em !important
   38| 		background: #df4931;
-----------------------------^
   39|         font-family: Fairview
   40|         padding: 0
   41|         line-height: 50px

expected "indent", got ";"

    at Parser.error (/home/daniel/Documents/st3xupery.github.io/node_modules/stylus/lib/parser.js:257:11)
    at Parser.expect (/home/daniel/Documents/st3xupery.github.io/node_modules/stylus/lib/parser.js:285:12)
    at Parser.block (/home/daniel/Documents/st3xupery.github.io/node_modules/stylus/lib/parser.js:823:12)
    at Parser.selector (/home/daniel/Documents/st3xupery.github.io/node_modules/stylus/lib/parser.js:1524:24)
    at Parser.ident (/home/daniel/Documents/st3xupery.github.io/node_modules/stylus/lib/parser.js:1417:25)
    at Parser.stmt (/home/daniel/Documents/st3xupery.github.io/node_modules/stylus/lib/parser.js:762:26)
    at Parser.statement (/home/daniel/Documents/st3xupery.github.io/node_modules/stylus/lib/parser.js:669:21)
    at Parser.parse (/home/daniel/Documents/st3xupery.github.io/node_modules/stylus/lib/parser.js:234:25)
    at Evaluator.importFile (/home/daniel/Documents/st3xupery.github.io/node_modules/stylus/lib/visitor/evaluator.js:73:20)
    at Evaluator.visitImport (/home/daniel/Documents/st3xupery.github.io/node_modules/stylus/lib/visitor/evaluator.js:902:27)
    at Evaluator.Visitor.visit (/home/daniel/Documents/st3xupery.github.io/node_modules/stylus/lib/visitor/index.js:28:40)
    at Evaluator.visit (/home/daniel/Documents/st3xupery.github.io/node_modules/stylus/lib/visitor/evaluator.js:153:18)
    at Evaluator.visitRoot (/home/daniel/Documents/st3xupery.github.io/node_modules/stylus/lib/visitor/evaluator.js:689:27)
    at Evaluator.Visitor.visit (/home/daniel/Documents/st3xupery.github.io/node_modules/stylus/lib/visitor/index.js:28:40)
    at Evaluator.visit (/home/daniel/Documents/st3xupery.github.io/node_modules/stylus/lib/visitor/evaluator.js:153:18)
    at Evaluator.evaluate (/home/daniel/Documents/st3xupery.github.io/node_modules/stylus/lib/visitor/evaluator.js:229:15)
    at Renderer.render (/home/daniel/Documents/st3xupery.github.io/node_modules/stylus/lib/renderer.js:86:26)
    at Hexo.module.exports (/home/daniel/Documents/st3xupery.github.io/node_modules/hexo-renderer-stylus/lib/renderer.js:45:6)
    at Hexo.tryCatcher (/home/daniel/Documents/st3xupery.github.io/node_modules/bluebird/js/release/util.js:16:23)
    at Hexo.ret (eval at <anonymous> (/home/daniel/.nvm/versions/node/v6.2.1/lib/node_modules/hexo-cli/node_modules/bluebird/js/release/promisify.js:1:0), <anonymous>:13:39)
    at /home/daniel/Documents/st3xupery.github.io/node_modules/hexo/lib/hexo/render.js:61:21
    at tryCatcher (/home/daniel/Documents/st3xupery.github.io/node_modules/bluebird/js/release/util.js:16:23)
    at Promise._settlePromiseFromHandler (/home/daniel/Documents/st3xupery.github.io/node_modules/bluebird/js/release/promise.js:510:31)
    at Promise._settlePromise (/home/daniel/Documents/st3xupery.github.io/node_modules/bluebird/js/release/promise.js:567:18)
    at Promise._settlePromise0 (/home/daniel/Documents/st3xupery.github.io/node_modules/bluebird/js/release/promise.js:612:10)
    at Promise._settlePromises (/home/daniel/Documents/st3xupery.github.io/node_modules/bluebird/js/release/promise.js:691:18)
    at Async._drainQueue (/home/daniel/Documents/st3xupery.github.io/node_modules/bluebird/js/release/async.js:138:16)
    at Async._drainQueues (/home/daniel/Documents/st3xupery.github.io/node_modules/bluebird/js/release/async.js:148:10)
